This is pdfTeXk, Version 3.1415926-1.40.9 (Web2C 7.5.7) (format=pdflatex 2008.11.25)  8 APR 2009 00:44
entering extended mode
 %&-line parsing enabled.
**report
(./report.tex
LaTeX2e <2005/12/01>
Babel <v3.8l> and hyphenation patterns for english, usenglishmax, dumylang, noh
yphenation, german-x-2008-06-18, ngerman-x-2008-06-18, ancientgreek, ibycus, ar
abic, basque, bulgarian, catalan, pinyin, coptic, croatian, czech, danish, dutc
h, esperanto, estonian, farsi, finnish, french, galician, german, ngerman, mono
greek, greek, hungarian, icelandic, indonesian, interlingua, irish, italian, la
tin, mongolian, mongolian2a, bokmal, nynorsk, polish, portuguese, romanian, rus
sian, sanskrit, serbian, slovak, slovenian, spanish, swedish, turkish, ukenglis
h, ukrainian, uppersorbian, welsh, loaded.
(/usr/share/texmf-dist/tex/latex/base/report.cls
Document Class: report 2005/09/16 v1.4f Standard LaTeX document class
(/usr/share/texmf-dist/tex/latex/base/size12.clo
File: size12.clo 2005/09/16 v1.4f Standard LaTeX file (size option)
)
\c@part=\count79
\c@chapter=\count80
\c@section=\count81
\c@subsection=\count82
\c@subsubsection=\count83
\c@paragraph=\count84
\c@subparagraph=\count85
\c@figure=\count86
\c@table=\count87
\abovecaptionskip=\skip41
\belowcaptionskip=\skip42
\bibindent=\dimen102
)
(/usr/share/texmf-dist/tex/latex/graphics/graphicx.sty
Package: graphicx 1999/02/16 v1.0f Enhanced LaTeX Graphics (DPC,SPQR)

(/usr/share/texmf-dist/tex/latex/graphics/keyval.sty
Package: keyval 1999/03/16 v1.13 key=value parser (DPC)
\KV@toks@=\toks14
)
(/usr/share/texmf-dist/tex/latex/graphics/graphics.sty
Package: graphics 2006/02/20 v1.0o Standard LaTeX Graphics (DPC,SPQR)

(/usr/share/texmf-dist/tex/latex/graphics/trig.sty
Package: trig 1999/03/16 v1.09 sin cos tan (DPC)
)
(/usr/share/texmf/tex/latex/config/graphics.cfg
File: graphics.cfg 2007/01/18 v1.5 graphics configuration of teTeX/TeXLive
)
Package graphics Info: Driver file: pdftex.def on input line 90.

(/usr/share/texmf-dist/tex/latex/pdftex-def/pdftex.def
File: pdftex.def 2008/09/08 v0.04l Graphics/color for pdfTeX
\Gread@gobject=\count88
))
\Gin@req@height=\dimen103
\Gin@req@width=\dimen104
)
(/usr/share/texmf-dist/tex/latex/ltxmisc/a4wide.sty
Package: a4wide 1994/08/30

(/usr/share/texmf-dist/tex/latex/ntgclass/a4.sty
Package: a4 2004/04/15 v1.2g A4 based page layout
))
(/usr/share/texmf-dist/tex/latex/ltxmisc/url.sty
\Urlmuskip=\muskip10
Package: url 2006/04/12  ver 3.3  Verb mode for urls, etc.
) (./report.aux)
\openout1 = `report.aux'.

LaTeX Font Info:    Checking defaults for OML/cmm/m/it on input line 12.
LaTeX Font Info:    ... okay on input line 12.
LaTeX Font Info:    Checking defaults for T1/cmr/m/n on input line 12.
LaTeX Font Info:    ... okay on input line 12.
LaTeX Font Info:    Checking defaults for OT1/cmr/m/n on input line 12.
LaTeX Font Info:    ... okay on input line 12.
LaTeX Font Info:    Checking defaults for OMS/cmsy/m/n on input line 12.
LaTeX Font Info:    ... okay on input line 12.
LaTeX Font Info:    Checking defaults for OMX/cmex/m/n on input line 12.
LaTeX Font Info:    ... okay on input line 12.
LaTeX Font Info:    Checking defaults for U/cmr/m/n on input line 12.
LaTeX Font Info:    ... okay on input line 12.

(/usr/share/texmf-dist/tex/context/base/supp-pdf.tex
[Loading MPS to PDF converter (version 2006.09.02).]
\scratchcounter=\count89
\scratchdimen=\dimen105
\scratchbox=\box26
\nofMPsegments=\count90
\nofMParguments=\count91
\everyMPshowfont=\toks15
\MPscratchCnt=\count92
\MPscratchDim=\dimen106
\MPnumerator=\count93
\everyMPtoPDFconversion=\toks16
) <pictures/KiPhoDB.png, id=1, 762.85pt x 170.6375pt>
File: pictures/KiPhoDB.png Graphic file (type png)

<use pictures/KiPhoDB.png>
LaTeX Font Info:    External font `cmex10' loaded for size
(Font)              <14.4> on input line 24.
LaTeX Font Info:    External font `cmex10' loaded for size
(Font)              <7> on input line 24.
 [1

{/usr/share/texmf-var/fonts/map/pdftex/updmap/pdftex.map} <./pictures/KiPhoDB.p
ng (PNG copy)>] [0] (./report.toc
LaTeX Font Info:    External font `cmex10' loaded for size
(Font)              <12> on input line 2.
LaTeX Font Info:    External font `cmex10' loaded for size
(Font)              <8> on input line 2.
LaTeX Font Info:    External font `cmex10' loaded for size
(Font)              <6> on input line 2.
 [1


])
\tf@toc=\write3
\openout3 = `report.toc'.

 [2]
(./report.lof)
\tf@lof=\write4
\openout4 = `report.lof'.

 [3

] (./report.lot)
\tf@lot=\write5
\openout5 = `report.lot'.

 [4

]
Chapter 1.
(./introduction.tex
LaTeX Font Info:    Try loading font information for OMS+cmr on input line 13.
 (/usr/share/texmf-dist/tex/latex/base/omscmr.fd
File: omscmr.fd 1999/05/25 v2.5h Standard LaTeX font definitions
)
LaTeX Font Info:    Font shape `OMS/cmr/m/n' in size <12> not available
(Font)              Font shape `OMS/cmsy/m/n' tried instead on input line 13.
 [5

]
[6] <pictures/workplan.png, id=33, 739.76375pt x 556.0775pt>
File: pictures/workplan.png Graphic file (type png)

<use pictures/workplan.png> [7] [8 <./pictures/workplan.png>]) [9] [10]
Chapter 2.
(./background.tex
<pictures/phosphorylation.png, id=48, 193.36455pt x 225.75311pt>
File: pictures/phosphorylation.png Graphic file (type png)

<use pictures/phosphorylation.png> [11


] [12 <./pictures/phosphorylation.png (PNG copy)>] <pictures/kinome.png, id=58,
 722.7pt x 832.10875pt>
File: pictures/kinome.png Graphic file (type png)

<use pictures/kinome.png>
<pictures/phosphorylated_kinase.png, id=59, 612.2875pt x 429.605pt>
File: pictures/phosphorylated_kinase.png Graphic file (type png)

<use pictures/phosphorylated_kinase.png> [13] [14 <./pictures/kinome.png (PNG c
opy)>] [15 <./pictures/phosphorylated_kinase.png (PNG copy)>]
<pictures/subfamily_tree.png, id=69, 582.175pt x 487.8225pt>
File: pictures/subfamily_tree.png Graphic file (type png)

<use pictures/subfamily_tree.png> [16 <./pictures/subfamily_tree.png (PNG copy)
>]
<pictures/phosphorylation_dephosphorylation.png, id=73, 763.85374pt x 270.00874
pt>
File: pictures/phosphorylation_dephosphorylation.png Graphic file (type png)
 <use pictures/phosphorylation_dephosphorylation.png> [17 <./pictures/phosphory
lation_dephosphorylation.png>]
<pictures/phosphorylation_cascade.png, id=79, 390.45876pt x 395.4775pt>
File: pictures/phosphorylation_cascade.png Graphic file (type png)

<use pictures/phosphorylation_cascade.png> [18 <./pictures/phosphorylation_casc
ade.png (PNG copy)>]
<pictures/phosphorylation_site_graph.png, id=84, 510.90875pt x 346.29375pt>
File: pictures/phosphorylation_site_graph.png Graphic file (type png)

<use pictures/phosphorylation_site_graph.png> [19 <./pictures/phosphorylation_s
ite_graph.png (PNG copy)>]) [20]
Chapter 3.
(./datasources.tex [21

] [22]
<pictures/DataSourcesLogos.png, id=97, 555.07375pt x 236.885pt>
File: pictures/DataSourcesLogos.png Graphic file (type png)

<use pictures/DataSourcesLogos.png> [23 <./pictures/DataSourcesLogos.png>]
[24] [25] [26] [27] [28]) [29] [30]
Chapter 4.
(./implementation.tex [31


]
Overfull \hbox (10.21416pt too wide) in paragraph at lines 45--48
\OT1/cmr/m/n/12 In or-der to de-sign the fi-nal web-site, we used the web de-ve
l-op-ment ap-pli-ca-tion "Dreamweaver".
 []

[32] <pictures/phylowidget.png, id=131, 868.24374pt x 621.32124pt>
File: pictures/phylowidget.png Graphic file (type png)

<use pictures/phylowidget.png> [33 <./pictures/phylowidget.png>] [34]
<pictures/logos.png, id=139, 411.5375pt x 298.11375pt>
File: pictures/logos.png Graphic file (type png)

<use pictures/logos.png> [35 <./pictures/logos.png>] [36]
<pictures/DatabaseSchema.png, id=148, 989.6975pt x 1385.175pt>
File: pictures/DatabaseSchema.png Graphic file (type png)

<use pictures/DatabaseSchema.png>

LaTeX Warning: Float too large for page by 2.11365pt on input line 164.

[37] [38 <./pictures/DatabaseSchema.png (PNG copy)>] [39]
LaTeX Font Info:    External font `cmex10' loaded for size
(Font)              <5> on input line 238.

Overfull \hbox (2.26009pt too wide) in paragraph at lines 236--242
\OT1/cmr/m/n/12 mat is used by Excel$[]$, a very pop-u-lar pop-u-lar spread-she
et prod-uct from Microsoft$[]$.
 []

[40] <pictures/website.png, id=163, 1284.8pt x 1027.84pt>
File: pictures/website.png Graphic file (type png)

<use pictures/website.png>
<pictures/license.png, id=164, 230.8625pt x 132.495pt>
File: pictures/license.png Graphic file (type png)

<use pictures/license.png>
Overfull \hbox (5.27979pt too wide) in paragraph at lines 289--323
 [] 
 []


LaTeX Warning: `h' float specifier changed to `ht'.

[41] [42 <./pictures/website.png> <./pictures/license.png>] [43] [44]
<pictures/PairSearchTool.png, id=182, 702.625pt x 148.555pt>
File: pictures/PairSearchTool.png Graphic file (type png)

<use pictures/PairSearchTool.png>
<pictures/SimpleSearchTool.png, id=183, 714.67pt x 326.21875pt>
File: pictures/SimpleSearchTool.png Graphic file (type png)

<use pictures/SimpleSearchTool.png> [45 <./pictures/PairSearchTool.png (PNG cop
y)>] [46 <./pictures/SimpleSearchTool.png>]
<pictures/AdvancedSearchTool.png, id=191, 717.68124pt x 840.13875pt>
File: pictures/AdvancedSearchTool.png Graphic file (type png)

<use pictures/AdvancedSearchTool.png>
<pictures/SQLQueryTool.png, id=192, 713.66624pt x 348.30125pt>
File: pictures/SQLQueryTool.png Graphic file (type png)

<use pictures/SQLQueryTool.png> [47] [48 <./pictures/AdvancedSearchTool.png>]
[49 <./pictures/SQLQueryTool.png>] [50]
<pictures/BrowseGeneFamilies.png, id=208, 717.68124pt x 284.06125pt>
File: pictures/BrowseGeneFamilies.png Graphic file (type png)

<use pictures/BrowseGeneFamilies.png>) [51] [52 <./pictures/BrowseGeneFamilies.
png>]
Chapter 5.
(./conclusion.tex [53

]

LaTeX Warning: `h' float specifier changed to `ht'.


LaTeX Warning: `h' float specifier changed to `ht'.


LaTeX Warning: `h' float specifier changed to `ht'.


LaTeX Warning: `h' float specifier changed to `ht'.

[54] [55]
Underfull \hbox (badness 10000) in paragraph at lines 195--196

 []

[56] [57]
Underfull \hbox (badness 10000) in paragraph at lines 224--225

 []

) (./report.bbl [58]
Missing character: There is no ö in font cmr12!
 [59

]
Missing character: There is no é in font cmr12!
Missing character: There is no é in font cmr12!
Missing character: There is no é in font cmr12!
 [60]
Underfull \hbox (badness 1184) in paragraph at lines 157--161
[]\OT1/cmr/m/n/12 A. Bairoch, R. Ap-weiler, C.H. Wu, W.C. Barker, B. Boeck-mann
, S. Ferro,
 []

) [61] (./report.aux) ) 
Here is how much of TeX's memory you used:
 1231 strings out of 493886
 17261 string characters out of 1155674
 77295 words of memory out of 3000000
 4489 multiletter control sequences out of 10000+50000
 11059 words of font info for 39 fonts, out of 3000000 for 5000
 714 hyphenation exceptions out of 8191
 26i,8n,21p,563b,282s stack positions out of 5000i,500n,10000p,200000b,50000s
</usr/share/texmf-dist/fonts/type1/bluesky/cm/cmbx10.pfb
></usr/share/texmf-dist/fonts/type1/bluesky/cm/cmbx12.pfb></usr/share/texmf-dis
t/fonts/type1/bluesky/cm/cmmi12.pfb></usr/share/texmf-dist/fonts/type1/bluesky/
cm/cmr10.pfb></usr/share/texmf-dist/fonts/type1/bluesky/cm/cmr12.pfb></usr/shar
e/texmf-dist/fonts/type1/bluesky/cm/cmr6.pfb></usr/share/texmf-dist/fonts/type1
/bluesky/cm/cmr8.pfb></usr/share/texmf-dist/fonts/type1/bluesky/cm/cmsl12.pfb><
/usr/share/texmf-dist/fonts/type1/bluesky/cm/cmsy10.pfb></usr/share/texmf-dist/
fonts/type1/bluesky/cm/cmti12.pfb></usr/share/texmf-dist/fonts/type1/bluesky/cm
/cmtt12.pfb>
Output written on report.pdf (63 pages, 2340377 bytes).
PDF statistics:
 282 PDF objects out of 1000 (max. 8388607)
 0 named destinations out of 1000 (max. 131072)
 101 words of extra memory for PDF output out of 10000 (max. 10000000)

